D:\THANHHAI\HOCTAP\3A STI\ASSEMBLEUR\TD5\TD5\DEBUG\TD5.ILK
D:\THANHHAI\HOCTAP\3A STI\ASSEMBLEUR\TD5\TD5\DEBUG\TD5.EXE
D:\THANHHAI\HOCTAP\3A STI\ASSEMBLEUR\TD5\TD5\DEBUG\TD5.PDB
D:\Thanhhai\hoctap\3A STI\Assembleur\TD5\td5\td5\Debug\exo1_td5.obj
D:\Thanhhai\hoctap\3A STI\Assembleur\TD5\td5\td5\Debug\exo2_td5.obj
D:\Thanhhai\hoctap\3A STI\Assembleur\TD5\td5\td5\Debug\exo3_td5.obj
D:\Thanhhai\hoctap\3A STI\Assembleur\TD5\td5\td5\Debug\link-cvtres.read.1.tlog
D:\Thanhhai\hoctap\3A STI\Assembleur\TD5\td5\td5\Debug\link-cvtres.write.1.tlog
D:\Thanhhai\hoctap\3A STI\Assembleur\TD5\td5\td5\Debug\link-rc.read.1.tlog
D:\Thanhhai\hoctap\3A STI\Assembleur\TD5\td5\td5\Debug\link-rc.write.1.tlog
D:\Thanhhai\hoctap\3A STI\Assembleur\TD5\td5\td5\Debug\link.11972-cvtres.read.1.tlog
D:\Thanhhai\hoctap\3A STI\Assembleur\TD5\td5\td5\Debug\link.11972-cvtres.write.1.tlog
D:\Thanhhai\hoctap\3A STI\Assembleur\TD5\td5\td5\Debug\link.11972-rc.read.1.tlog
D:\Thanhhai\hoctap\3A STI\Assembleur\TD5\td5\td5\Debug\link.11972-rc.write.1.tlog
D:\Thanhhai\hoctap\3A STI\Assembleur\TD5\td5\td5\Debug\link.11972.read.1.tlog
D:\Thanhhai\hoctap\3A STI\Assembleur\TD5\td5\td5\Debug\link.11972.write.1.tlog
D:\Thanhhai\hoctap\3A STI\Assembleur\TD5\td5\td5\Debug\link.14028-cvtres.read.1.tlog
D:\Thanhhai\hoctap\3A STI\Assembleur\TD5\td5\td5\Debug\link.14028-cvtres.write.1.tlog
D:\Thanhhai\hoctap\3A STI\Assembleur\TD5\td5\td5\Debug\link.14028-rc.read.1.tlog
D:\Thanhhai\hoctap\3A STI\Assembleur\TD5\td5\td5\Debug\link.14028-rc.write.1.tlog
D:\Thanhhai\hoctap\3A STI\Assembleur\TD5\td5\td5\Debug\link.14028.read.1.tlog
D:\Thanhhai\hoctap\3A STI\Assembleur\TD5\td5\td5\Debug\link.14028.write.1.tlog
D:\Thanhhai\hoctap\3A STI\Assembleur\TD5\td5\td5\Debug\link.command.1.tlog
D:\Thanhhai\hoctap\3A STI\Assembleur\TD5\td5\td5\Debug\link.read.1.tlog
D:\Thanhhai\hoctap\3A STI\Assembleur\TD5\td5\td5\Debug\link.write.1.tlog
D:\Thanhhai\hoctap\3A STI\Assembleur\TD5\td5\td5\Debug\td5.write.1.tlog
D:\Thanhhai\hoctap\3A STI\Assembleur\TD5\td5\Debug\td5.pdb
D:\Thanhhai\hoctap\3A STI\Assembleur\TD5\td5\Debug\td5.exe
D:\Thanhhai\hoctap\3A STI\Assembleur\TD5\td5\Debug\td5.ilk
