D:\Thanhhai\hoctap\3A STI\Assembleur\Examen\exam\exam\Debug\reviser6.obj
D:\Thanhhai\hoctap\3A STI\Assembleur\Examen\exam\exam\Debug\reviser7.obj
D:\Thanhhai\hoctap\3A STI\Assembleur\Examen\exam\exam\Debug\reviser8.obj
D:\Thanhhai\hoctap\3A STI\Assembleur\Examen\exam\exam\Debug\reviser2.obj
D:\Thanhhai\hoctap\3A STI\Assembleur\Examen\exam\exam\Debug\printf.obj
D:\THANHHAI\HOCTAP\3A STI\ASSEMBLEUR\EXAMEN\EXAM\DEBUG\EXAM.ILK
D:\THANHHAI\HOCTAP\3A STI\ASSEMBLEUR\EXAMEN\EXAM\DEBUG\EXAM.EXE
D:\THANHHAI\HOCTAP\3A STI\ASSEMBLEUR\EXAMEN\EXAM\DEBUG\EXAM.PDB
D:\Thanhhai\hoctap\3A STI\Assembleur\Examen\exam\exam\Debug\exam.write.1.tlog
D:\Thanhhai\hoctap\3A STI\Assembleur\Examen\exam\exam\Debug\link-cvtres.read.1.tlog
D:\Thanhhai\hoctap\3A STI\Assembleur\Examen\exam\exam\Debug\link-cvtres.write.1.tlog
D:\Thanhhai\hoctap\3A STI\Assembleur\Examen\exam\exam\Debug\link-rc.read.1.tlog
D:\Thanhhai\hoctap\3A STI\Assembleur\Examen\exam\exam\Debug\link-rc.write.1.tlog
D:\Thanhhai\hoctap\3A STI\Assembleur\Examen\exam\exam\Debug\link.10748.read.1.tlog
D:\Thanhhai\hoctap\3A STI\Assembleur\Examen\exam\exam\Debug\link.10748.write.1.tlog
D:\Thanhhai\hoctap\3A STI\Assembleur\Examen\exam\exam\Debug\link.12044.read.1.tlog
D:\Thanhhai\hoctap\3A STI\Assembleur\Examen\exam\exam\Debug\link.12044.write.1.tlog
D:\Thanhhai\hoctap\3A STI\Assembleur\Examen\exam\exam\Debug\link.12492-cvtres.read.1.tlog
D:\Thanhhai\hoctap\3A STI\Assembleur\Examen\exam\exam\Debug\link.12492-cvtres.write.1.tlog
D:\Thanhhai\hoctap\3A STI\Assembleur\Examen\exam\exam\Debug\link.12492-rc.read.1.tlog
D:\Thanhhai\hoctap\3A STI\Assembleur\Examen\exam\exam\Debug\link.12492-rc.write.1.tlog
D:\Thanhhai\hoctap\3A STI\Assembleur\Examen\exam\exam\Debug\link.12492.read.1.tlog
D:\Thanhhai\hoctap\3A STI\Assembleur\Examen\exam\exam\Debug\link.12492.write.1.tlog
D:\Thanhhai\hoctap\3A STI\Assembleur\Examen\exam\exam\Debug\link.14612.read.1.tlog
D:\Thanhhai\hoctap\3A STI\Assembleur\Examen\exam\exam\Debug\link.14612.write.1.tlog
D:\Thanhhai\hoctap\3A STI\Assembleur\Examen\exam\exam\Debug\link.15936-cvtres.read.1.tlog
D:\Thanhhai\hoctap\3A STI\Assembleur\Examen\exam\exam\Debug\link.15936-cvtres.write.1.tlog
D:\Thanhhai\hoctap\3A STI\Assembleur\Examen\exam\exam\Debug\link.15936-rc.read.1.tlog
D:\Thanhhai\hoctap\3A STI\Assembleur\Examen\exam\exam\Debug\link.15936-rc.write.1.tlog
D:\Thanhhai\hoctap\3A STI\Assembleur\Examen\exam\exam\Debug\link.15936.read.1.tlog
D:\Thanhhai\hoctap\3A STI\Assembleur\Examen\exam\exam\Debug\link.15936.write.1.tlog
D:\Thanhhai\hoctap\3A STI\Assembleur\Examen\exam\exam\Debug\link.17156.read.1.tlog
D:\Thanhhai\hoctap\3A STI\Assembleur\Examen\exam\exam\Debug\link.17156.write.1.tlog
D:\Thanhhai\hoctap\3A STI\Assembleur\Examen\exam\exam\Debug\link.7124-cvtres.read.1.tlog
D:\Thanhhai\hoctap\3A STI\Assembleur\Examen\exam\exam\Debug\link.7124-cvtres.write.1.tlog
D:\Thanhhai\hoctap\3A STI\Assembleur\Examen\exam\exam\Debug\link.7124-rc.read.1.tlog
D:\Thanhhai\hoctap\3A STI\Assembleur\Examen\exam\exam\Debug\link.7124-rc.write.1.tlog
D:\Thanhhai\hoctap\3A STI\Assembleur\Examen\exam\exam\Debug\link.7124.read.1.tlog
D:\Thanhhai\hoctap\3A STI\Assembleur\Examen\exam\exam\Debug\link.7124.write.1.tlog
D:\Thanhhai\hoctap\3A STI\Assembleur\Examen\exam\exam\Debug\link.9444-cvtres.read.1.tlog
D:\Thanhhai\hoctap\3A STI\Assembleur\Examen\exam\exam\Debug\link.9444-cvtres.write.1.tlog
D:\Thanhhai\hoctap\3A STI\Assembleur\Examen\exam\exam\Debug\link.9444-rc.read.1.tlog
D:\Thanhhai\hoctap\3A STI\Assembleur\Examen\exam\exam\Debug\link.9444-rc.write.1.tlog
D:\Thanhhai\hoctap\3A STI\Assembleur\Examen\exam\exam\Debug\link.9444.read.1.tlog
D:\Thanhhai\hoctap\3A STI\Assembleur\Examen\exam\exam\Debug\link.9444.write.1.tlog
D:\Thanhhai\hoctap\3A STI\Assembleur\Examen\exam\exam\Debug\link.command.1.tlog
D:\Thanhhai\hoctap\3A STI\Assembleur\Examen\exam\exam\Debug\link.read.1.tlog
D:\Thanhhai\hoctap\3A STI\Assembleur\Examen\exam\exam\Debug\link.write.1.tlog
D:\Thanhhai\hoctap\3A STI\Assembleur\Examen\exam\Debug\exam.pdb
D:\Thanhhai\hoctap\3A STI\Assembleur\Examen\exam\Debug\exam.exe
D:\Thanhhai\hoctap\3A STI\Assembleur\Examen\exam\Debug\exam.ilk
